app/build/outputs/logs/manifest-merger-debug-report.txt
-- Merging decision tree log ---
manifest
ADDED from src\main\AndroidManifest.xml:2:1-38:12
	package
		ADDED from src\main\AndroidManifest.xml:3:7-45
		INJECTED from src\main\AndroidManifest.xml
		INJECTED from src\main\AndroidManifest.xml
	android:versionName
		ADDED from src\main\AndroidManifest.xml:5:7-32
		INJECTED from src\main\AndroidManifest.xml
		INJECTED from src\main\AndroidManifest.xml
	android:versionCode
		ADDED from src\main\AndroidManifest.xml:4:7-30
		INJECTED from src\main\AndroidManifest.xml
		INJECTED from src\main\AndroidManifest.xml
	xmlns:android
		ADDED from src\main\AndroidManifest.xml:2:11-69
application
ADDED from src\main\AndroidManifest.xml:6:5-29:19
	android:label
		ADDED from src\main\AndroidManifest.xml:6:18-50
activity#com.medicaltrust.bloodsensor.TopActivity
ADDED from src\main\AndroidManifest.xml:7:9-13:20
	android:label
		ADDED from src\main\AndroidManifest.xml:8:19-51
	android:name
		ADDED from src\main\AndroidManifest.xml:7:19-46
intent-filter#android.intent.action.MAIN+android.intent.category.LAUNCHER
ADDED from src\main\AndroidManifest.xml:9:13-12:29
action#android.intent.action.MAIN
ADDED from src\main\AndroidManifest.xml:10:17-69
	android:name
		ADDED from src\main\AndroidManifest.xml:10:25-66
category#android.intent.category.LAUNCHER
ADDED from src\main\AndroidManifest.xml:11:17-77
	android:name
		ADDED from src\main\AndroidManifest.xml:11:27-74
activity#com.medicaltrust.bloodsensor.MainActivity
ADDED from src\main\AndroidManifest.xml:14:2-15:40
	android:label
		ADDED from src\main\AndroidManifest.xml:15:5-37
	android:name
		ADDED from src\main\AndroidManifest.xml:14:12-40
activity#com.medicaltrust.bloodsensor.DevicesActivity
ADDED from src\main\AndroidManifest.xml:16:2-17:40
	android:label
		ADDED from src\main\AndroidManifest.xml:17:5-37
	android:name
		ADDED from src\main\AndroidManifest.xml:16:12-43
activity#com.medicaltrust.bloodsensor.ModeSelectActivity
ADDED from src\main\AndroidManifest.xml:18:2-19:40
	android:label
		ADDED from src\main\AndroidManifest.xml:19:5-37
	android:name
		ADDED from src\main\AndroidManifest.xml:18:12-46
activity#com.medicaltrust.bloodsensor.MeasurementActivity
ADDED from src\main\AndroidManifest.xml:20:2-21:40
	android:label
		ADDED from src\main\AndroidManifest.xml:21:5-37
	android:name
		ADDED from src\main\AndroidManifest.xml:20:12-47
activity#com.medicaltrust.bloodsensor.MemoryActivity
ADDED from src\main\AndroidManifest.xml:22:2-23:40
	android:label
		ADDED from src\main\AndroidManifest.xml:23:5-37
	android:name
		ADDED from src\main\AndroidManifest.xml:22:12-42
activity#com.medicaltrust.bloodsensor.PlaybackActivity
ADDED from src\main\AndroidManifest.xml:24:2-25:40
	android:label
		ADDED from src\main\AndroidManifest.xml:25:5-37
	android:name
		ADDED from src\main\AndroidManifest.xml:24:12-44
activity#com.medicaltrust.bloodsensor.MyPreferenceActivity
ADDED from src\main\AndroidManifest.xml:26:2-27:40
	android:label
		ADDED from src\main\AndroidManifest.xml:27:5-37
	android:name
		ADDED from src\main\AndroidManifest.xml:26:12-48
uses-permission#android.permission.INTERNET
ADDED from src\main\AndroidManifest.xml:31:5-67
	android:name
		ADDED from src\main\AndroidManifest.xml:31:22-64
uses-permission#android.permission.ACCESS_NETWORK_STATE
ADDED from src\main\AndroidManifest.xml:32:5-79
	android:name
		ADDED from src\main\AndroidManifest.xml:32:22-76
uses-permission#android.permission.BLUETOOTH
ADDED from src\main\AndroidManifest.xml:33:5-68
	android:name
		ADDED from src\main\AndroidManifest.xml:33:22-65
uses-permission#android.permission.BLUETOOTH_ADMIN
ADDED from src\main\AndroidManifest.xml:34:5-74
	android:name
		ADDED from src\main\AndroidManifest.xml:34:22-71
uses-sdk
ADDED from src\main\AndroidManifest.xml:36:5-43
	android:targetSdkVersion
		INJECTED from src\main\AndroidManifest.xml
		INJECTED from src\main\AndroidManifest.xml
	android:minSdkVersion
		ADDED from src\main\AndroidManifest.xml:36:15-40
		INJECTED from src\main\AndroidManifest.xml
		INJECTED from src\main\AndroidManifest.xml